Binding on line 3: boolean was declared in <type decl> in the library
Binding on line 3: integer was declared in <type decl> in the library
Binding on line 8: bool was declared in <type decl> on line 3
Binding on line 10: write was declared in <proc decl> in the library
Binding on line 10: x was declared in <param decl> on line 8
Binding on line 10: x was declared in <param decl> on line 8
Binding on line 10: eol was declared in <const decl> in the library
Binding on line 14: test was declared in <proc decl> on line 8
Binding on line 14: false was declared in <enum literal> on line -1
Binding on line 14: test was declared in <proc decl> on line 8
Binding on line 14: true was declared in <enum literal> on line -1
Binding on line 20: bool was declared in <type decl> on line 3
Binding on line 20: bool was declared in <type decl> on line 3
Binding on line 22: write was declared in <proc decl> in the library
Binding on line 22: x was declared in <param decl> on line 20
Binding on line 22: y was declared in <param decl> on line 20
Binding on line 22: x was declared in <param decl> on line 20
Binding on line 22: y was declared in <param decl> on line 20
Binding on line 22: eol was declared in <const decl> in the library
Binding on line 23: write was declared in <proc decl> in the library
Binding on line 23: x was declared in <param decl> on line 20
Binding on line 23: y was declared in <param decl> on line 20
Binding on line 23: x was declared in <param decl> on line 20
Binding on line 23: y was declared in <param decl> on line 20
Binding on line 23: eol was declared in <const decl> in the library
Binding on line 27: test was declared in <proc decl> on line 20
Binding on line 27: false was declared in <enum literal> on line -1
Binding on line 27: false was declared in <enum literal> on line -1
Binding on line 27: test was declared in <proc decl> on line 20
Binding on line 27: false was declared in <enum literal> on line -1
Binding on line 27: true was declared in <enum literal> on line -1
Binding on line 28: test was declared in <proc decl> on line 20
Binding on line 28: true was declared in <enum literal> on line -1
Binding on line 28: false was declared in <enum literal> on line -1
Binding on line 28: test was declared in <proc decl> on line 20
Binding on line 28: true was declared in <enum literal> on line -1
Binding on line 28: true was declared in <enum literal> on line -1
Binding on line 34: int was declared in <type decl> on line 3
Binding on line 36: write was declared in <proc decl> in the library
Binding on line 36: x was declared in <param decl> on line 34
Binding on line 36: x was declared in <param decl> on line 34
Binding on line 36: eol was declared in <const decl> in the library
Binding on line 37: write was declared in <proc decl> in the library
Binding on line 37: x was declared in <param decl> on line 34
Binding on line 37: x was declared in <param decl> on line 34
Binding on line 37: eol was declared in <const decl> in the library
Binding on line 41: test was declared in <proc decl> on line 34
Binding on line 41: test was declared in <proc decl> on line 34
Binding on line 41: test was declared in <proc decl> on line 34
Binding on line 47: int was declared in <type decl> on line 3
Binding on line 47: int was declared in <type decl> on line 3
Binding on line 49: write was declared in <proc decl> in the library
Binding on line 49: x was declared in <param decl> on line 47
Binding on line 49: y was declared in <param decl> on line 47
Binding on line 49: x was declared in <param decl> on line 47
Binding on line 49: y was declared in <param decl> on line 47
Binding on line 49: eol was declared in <const decl> in the library
Binding on line 50: write was declared in <proc decl> in the library
Binding on line 50: x was declared in <param decl> on line 47
Binding on line 50: y was declared in <param decl> on line 47
Binding on line 50: x was declared in <param decl> on line 47
Binding on line 50: y was declared in <param decl> on line 47
Binding on line 50: eol was declared in <const decl> in the library
Binding on line 51: write was declared in <proc decl> in the library
Binding on line 51: x was declared in <param decl> on line 47
Binding on line 51: y was declared in <param decl> on line 47
Binding on line 51: x was declared in <param decl> on line 47
Binding on line 51: y was declared in <param decl> on line 47
Binding on line 51: eol was declared in <const decl> in the library
Binding on line 52: y was declared in <param decl> on line 47
Binding on line 53: write was declared in <proc decl> in the library
Binding on line 53: x was declared in <param decl> on line 47
Binding on line 53: y was declared in <param decl> on line 47
Binding on line 53: x was declared in <param decl> on line 47
Binding on line 53: y was declared in <param decl> on line 47
Binding on line 53: eol was declared in <const decl> in the library
Binding on line 54: write was declared in <proc decl> in the library
Binding on line 54: x was declared in <param decl> on line 47
Binding on line 54: y was declared in <param decl> on line 47
Binding on line 54: x was declared in <param decl> on line 47
Binding on line 54: y was declared in <param decl> on line 47
Binding on line 54: eol was declared in <const decl> in the library
Binding on line 59: test was declared in <proc decl> on line 47
Binding on line 59: test was declared in <proc decl> on line 47
Binding on line 59: test was declared in <proc decl> on line 47
Binding on line 60: test was declared in <proc decl> on line 47
Binding on line 60: test was declared in <proc decl> on line 47
Binding on line 60: test was declared in <proc decl> on line 47
Binding on line 61: test was declared in <proc decl> on line 47
Binding on line 61: test was declared in <proc decl> on line 47
Binding on line 61: test was declared in <proc decl> on line 47
Binding on line 66: testunaryboolean was declared in <proc decl> on line 6
Binding on line 66: testunarynumeric was declared in <proc decl> on line 32
Binding on line 67: testbinaryboolean was declared in <proc decl> on line 18
Binding on line 67: testbinarynumeric was declared in <proc decl> on line 45
